<?xml version="1.0" encoding="UTF-8"?>
<testng-results ignored="0" total="1" passed="1" failed="0" skipped="0">
  <reporter-output>
  </reporter-output>
  <suite started-at="2021-04-19T16:04:52 EET" name="Default suite" finished-at="2021-04-19T16:04:59 EET" duration-ms="7322">
    <groups>
    </groups>
    <test started-at="2021-04-19T16:04:52 EET" name="Default test" finished-at="2021-04-19T16:04:59 EET" duration-ms="7322">
      <class name="test.RunAndroidCalculator$RunAndroidClock">
        <test-method signature="runNativeOnPackage()[pri:0, instance:test.RunAndroidCalculator$RunAndroidClock@2cd2a21f]" started-at="2021-04-19T16:04:52 EET" name="runNativeOnPackage" finished-at="2021-04-19T16:04:59 EET" duration-ms="7277" status="PASS">
          <reporter-output>
          </reporter-output>
        </test-method> <!-- runNativeOnPackage -->
      </class> <!-- test.RunAndroidCalculator$RunAndroidClock -->
    </test> <!-- Default test -->
  </suite> <!-- Default suite -->
</testng-results>
