<?xml version="1.0" encoding="UTF-8"?>
<testng-results ignored="0" total="1" passed="1" failed="0" skipped="0">
  <reporter-output>
  </reporter-output>
  <suite started-at="2021-04-15T17:33:59 EET" name="Default suite" finished-at="2021-04-15T17:34:08 EET" duration-ms="8342">
    <groups>
    </groups>
    <test started-at="2021-04-15T17:33:59 EET" name="Default test" finished-at="2021-04-15T17:34:08 EET" duration-ms="8342">
      <class name="RunAndroidClock">
        <test-method signature="runNativeOnPackage()[pri:0, instance:RunAndroidClock@2cd2a21f]" started-at="2021-04-15T17:33:59 EET" name="runNativeOnPackage" finished-at="2021-04-15T17:34:07 EET" duration-ms="8289" status="PASS">
          <reporter-output>
          </reporter-output>
        </test-method> <!-- runNativeOnPackage -->
      </class> <!-- RunAndroidClock -->
    </test> <!-- Default test -->
  </suite> <!-- Default suite -->
</testng-results>
